Arguments: 
  C:\Program Files\nodejs\node.exe C:\Program Files (x86)\Yarn\bin\yarn.js add native-base --save

PATH: 
  C:\Program Files\Git\mingw64\bin;C:\Program Files\Git\usr\bin;C:\Users\Emyboy Beatz\bin;C:\Program Files (x86)\Common Files\Oracle\Java\javapath;C:\Program Files (x86)\Common Files\Intel\Shared Libraries\redist\ia32\compiler;C:\Program Files (x86)\Common Files\Intel\Shared Libraries\redist\intel64\compiler;C:\WINDOWS\system32;C:\WINDOWS;C:\WINDOWS\System32\Wbem;C:\WINDOWS\System32\WindowsPowerShell\v1.0;C:\Program Files\nodejs;C:\Program Files (x86)\Yarn\bin;C:\WINDOWS\System32\OpenSSH;C:\Program Files (x86)\QuickTime\QTSystem;C:\Program Files (x86)\AMD\ATI.ACE\Core-Static;C:\Program Files\Common Files\Autodesk Shared;C:\Program Files\Dart\dart-sdk\bin;C:\Program Files\Git\cmd;C:\Program Files\Docker\Docker\resources\bin;C:\ProgramData\DockerDesktop\version-bin;C:\Program Files\MySQL\MySQL Shell 8.0\bin;C:\Users\Emyboy Beatz\AppData\Local\Programs\Python\Python38-32\Scripts;C:\Users\Emyboy Beatz\AppData\Local\Programs\Python\Python38-32;C:\Users\Emyboy Beatz\AppData\Roaming\npm;C:\Program Files\JetBrains\PyCharm Community Edition 2019.1.2\bin;C:\Users\Emyboy Beatz\AppData\Local\Yarn\bin;C:\Users\Emyboy Beatz\AppData\Local\Microsoft\WindowsApps;C:\Users\Emyboy Beatz\AppData\Local\Android\Sdk\emulator;C:\src\flutter\bin;C:\Users\Emyboy Beatz\AppData\Local\Google\Cloud SDK\google-cloud-sdk\bin;C:\Users\Emyboy Beatz\AppData\Local\Programs\Microsoft VS Code\bin;C:\Program Files\MySQL\MySQL Server 8.0\bin;C:\Gradle\gradle-6.6.1\bin;C:\Program Files\heroku\bin;C:\cmder

Yarn version: 
  1.22.4

Node version: 
  12.16.3

Platform: 
  win32 x64

Trace: 
  Error: https://registry.yarnpkg.com/@expo%2fvector-icons: ESOCKETTIMEDOUT
      at ClientRequest.<anonymous> (C:\Program Files (x86)\Yarn\lib\cli.js:141375:19)
      at Object.onceWrapper (events.js:416:28)
      at ClientRequest.emit (events.js:310:20)
      at TLSSocket.emitRequestTimeout (_http_client.js:709:9)
      at Object.onceWrapper (events.js:416:28)
      at TLSSocket.emit (events.js:322:22)
      at TLSSocket.Socket._onTimeout (net.js:479:8)
      at listOnTimeout (internal/timers.js:549:17)
      at processTimers (internal/timers.js:492:7)

npm manifest: 
  {
    "main": "node_modules/expo/AppEntry.js",
    "scripts": {
      "start": "expo start",
      "android": "expo start --android",
      "ios": "expo start --ios",
      "web": "expo start --web",
      "eject": "expo eject"
    },
    "dependencies": {
      "@expo-google-fonts/inter": "^0.1.0",
      "@expo/vector-icons": "^10.0.0",
      "@react-native-community/masked-view": "0.1.10",
      "@react-native-community/picker": "1.6.6",
      "@react-navigation/bottom-tabs": "^5.9.2",
      "@react-navigation/drawer": "^5.9.3",
      "@react-navigation/native": "^5.7.6",
      "@react-navigation/stack": "^5.9.3",
      "axios": "^0.20.0",
      "expo": "~39.0.2",
      "expo-font": "~8.3.0",
      "expo-status-bar": "~1.0.2",
      "react": "16.13.1",
      "react-dom": "16.13.1",
      "react-native": "https://github.com/expo/react-native/archive/sdk-39.0.3.tar.gz",
      "react-native-dropdown": "0.0.6",
      "react-native-dropdown-picker": "^3.7.0",
      "react-native-gesture-handler": "~1.7.0",
      "react-native-material-dropdown": "^0.11.1",
      "react-native-paper": "^4.2.0",
      "react-native-reanimated": "~1.13.0",
      "react-native-safe-area-context": "3.1.4",
      "react-native-screens": "~2.10.1",
      "react-native-web": "~0.13.12",
      "react-redux": "^7.2.1",
      "redux": "^4.0.5",
      "redux-thunk": "^2.3.0",
      "sync-storage": "^0.4.2"
    },
    "devDependencies": {
      "@babel/core": "~7.9.0"
    },
    "private": true
  }

yarn manifest: 
  No manifest

Lockfile: 
  No lockfile
